<?xml version="1.0" encoding="UTF-8"?>
<testng-results skipped="0" failed="1" total="1" passed="0">
  <reporter-output>
  </reporter-output>
  <suite name="Default suite" duration-ms="22044" started-at="2016-03-18T15:17:26Z" finished-at="2016-03-18T15:17:48Z">
    <groups>
    </groups>
    <test name="Default test" duration-ms="22044" started-at="2016-03-18T15:17:26Z" finished-at="2016-03-18T15:17:48Z">
      <class name="com.TestSuite.BfGfVtChildren_GfHavingMEC">
        <test-method status="PASS" signature="beforeSuite()[pri:0, instance:com.TestSuite.BfGfVtChildren_GfHavingMEC@39ba5a14]" name="beforeSuite" is-config="true" duration-ms="11" started-at="2016-03-18T11:17:26Z" finished-at="2016-03-18T11:17:26Z">
          <reporter-output>
          </reporter-output>
        </test-method> <!-- beforeSuite -->
        <test-method status="PASS" signature="bsateup(org.testng.ITestContext)[pri:0, instance:com.TestSuite.BfGfVtChildren_GfHavingMEC@39ba5a14]" name="bsateup" is-config="true" duration-ms="11075" started-at="2016-03-18T11:17:28Z" finished-at="2016-03-18T11:17:39Z">
          <params>
            <param index="0">
              <value>
                <![CDATA[org.testng.TestRunner@7502291e]]>
              </value>
            </param>
          </params>
          <reporter-output>
          </reporter-output>
        </test-method> <!-- bsateup -->
        <test-method status="FAIL" signature="testcase1(java.lang.String, java.lang.String, java.lang.String, java.lang.String, java.lang.String, java.lang.String, java.lang.String, java.lang.String, java.lang.String, java.lang.String, java.lang.String, java.lang.String, java.lang.String, java.lang.String, java.lang.String, java.lang.String, java.lang.String, java.lang.String, java.lang.String, java.lang.String, java.lang.String, java.lang.String, java.lang.String, java.lang.String, java.lang.String, java.lang.String, java.lang.String, java.lang.String, java.lang.String, java.lang.String, java.lang.String, java.lang.String, java.lang.String, java.lang.String, java.lang.String, java.lang.String, java.lang.String, java.lang.String, java.lang.String, java.lang.String, java.lang.String, java.lang.String, java.lang.String, java.lang.String, java.lang.String, java.lang.String, java.lang.String, java.lang.String, java.lang.String, java.lang.String)[pri:0, instance:com.TestSuite.BfGfVtChildren_GfHavingMEC@39ba5a14]" name="testcase1" duration-ms="9630" started-at="2016-03-18T11:17:39Z" data-provider="testcase" finished-at="2016-03-18T11:17:48Z">
          <params>
            <param index="0">
              <value>
                <![CDATA[Abcd@1234]]>
              </value>
            </param>
            <param index="1">
              <value>
                <![CDATA[test]]>
              </value>
            </param>
            <param index="2">
              <value>
                <![CDATA[2/13/1981]]>
              </value>
            </param>
            <param index="3">
              <value>
                <![CDATA[male]]>
              </value>
            </param>
            <param index="4">
              <value>
                <![CDATA[609 h st ne]]>
              </value>
            </param>
            <param index="5">
              <value>
                <![CDATA[washington]]>
              </value>
            </param>
            <param index="6">
              <value>
                <![CDATA[DC]]>
              </value>
            </param>
            <param index="7">
              <value>
                <![CDATA[20002]]>
              </value>
            </param>
            <param index="8">
              <value>
                <![CDATA[yes]]>
              </value>
            </param>
            <param index="9">
              <value>
                <![CDATA[no]]>
              </value>
            </param>
            <param index="10">
              <value>
                <![CDATA[yes]]>
              </value>
            </param>
            <param index="11">
              <value>
                <![CDATA[2/16/1981]]>
              </value>
            </param>
            <param index="12">
              <value>
                <![CDATA[female]]>
              </value>
            </param>
            <param index="13">
              <value>
                <![CDATA[yes]]>
              </value>
            </param>
            <param index="14">
              <value>
                <![CDATA[medicaid]]>
              </value>
            </param>
            <param index="15">
              <value>
                <![CDATA[1/2/2012]]>
              </value>
            </param>
            <param index="16">
              <value>
                <![CDATA[no]]>
              </value>
            </param>
            <param index="17">
              <value>
                <![CDATA[2/14/2003]]>
              </value>
            </param>
            <param index="18">
              <value>
                <![CDATA[male]]>
              </value>
            </param>
            <param index="19">
              <value>
                <![CDATA[yes]]>
              </value>
            </param>
            <param index="20">
              <value>
                <![CDATA[medicaid]]>
              </value>
            </param>
            <param index="21">
              <value>
                <![CDATA[1/2/2012]]>
              </value>
            </param>
            <param index="22">
              <value>
                <![CDATA[no]]>
              </value>
            </param>
            <param index="23">
              <value>
                <![CDATA[9/13/2007]]>
              </value>
            </param>
            <param index="24">
              <value>
                <![CDATA[female]]>
              </value>
            </param>
            <param index="25">
              <value>
                <![CDATA[no]]>
              </value>
            </param>
            <param index="26">
              <value>
                <![CDATA[is the domestic partner of]]>
              </value>
            </param>
            <param index="27">
              <value>
                <![CDATA[is unrelated to]]>
              </value>
            </param>
            <param index="28">
              <value>
                <![CDATA[is the parent of]]>
              </value>
            </param>
            <param index="29">
              <value>
                <![CDATA[is the parent of]]>
              </value>
            </param>
            <param index="30">
              <value>
                <![CDATA[is unrelated to]]>
              </value>
            </param>
            <param index="31">
              <value>
                <![CDATA[is unrelated to]]>
              </value>
            </param>
            <param index="32">
              <value>
                <![CDATA[wages and salaries]]>
              </value>
            </param>
            <param index="33">
              <value>
                <![CDATA[deepak]]>
              </value>
            </param>
            <param index="34">
              <value>
                <![CDATA[8125 48th ave]]>
              </value>
            </param>
            <param index="35">
              <value>
                <![CDATA[college park]]>
              </value>
            </param>
            <param index="36">
              <value>
                <![CDATA[MD]]>
              </value>
            </param>
            <param index="37">
              <value>
                <![CDATA[20740]]>
              </value>
            </param>
            <param index="38">
              <value>
                <![CDATA[50000]]>
              </value>
            </param>
            <param index="39">
              <value>
                <![CDATA[yearly]]>
              </value>
            </param>
            <param index="40">
              <value>
                <![CDATA[1/2/2012]]>
              </value>
            </param>
            <param index="41">
              <value>
                <![CDATA[wages and salaries]]>
              </value>
            </param>
            <param index="42">
              <value>
                <![CDATA[deepak]]>
              </value>
            </param>
            <param index="43">
              <value>
                <![CDATA[8125 48th ave]]>
              </value>
            </param>
            <param index="44">
              <value>
                <![CDATA[college park]]>
              </value>
            </param>
            <param index="45">
              <value>
                <![CDATA[MD]]>
              </value>
            </param>
            <param index="46">
              <value>
                <![CDATA[20740]]>
              </value>
            </param>
            <param index="47">
              <value>
                <![CDATA[40000]]>
              </value>
            </param>
            <param index="48">
              <value>
                <![CDATA[yearly]]>
              </value>
            </param>
            <param index="49">
              <value>
                <![CDATA[1/2/2012]]>
              </value>
            </param>
          </params>
          <exception class="java.lang.AssertionError">
            <message>
              <![CDATA[Unable to clear and enter TestOSO75 in field 
com.selenium.SafeActions.safeClearAndType(SafeActions.java:194)
com.pageFunctions.UAT_CreateAccountFunc.CreateAccount(UAT_CreateAccountFunc.java:37)
com.TestSuite.BfGfVtChildren_GfHavingMEC.testcase1(BfGfVtChildren_GfHavingMEC.java:183)
sun.reflect.NativeMethodAccessorImpl.invoke0(Native Method)
sun.reflect.NativeMethodAccessorImpl.invoke(Unknown Source)
sun.reflect.DelegatingMethodAccessorImpl.invoke(Unknown Source)
java.lang.reflect.Method.invoke(Unknown Source)
org.testng.internal.MethodInvocationHelper.invokeMethod(MethodInvocationHelper.java:85)
org.testng.internal.Invoker.invokeMethod(Invoker.java:639)
org.testng.internal.Invoker.invokeTestMethod(Invoker.java:821)
org.testng.internal.Invoker.invokeTestMethods(Invoker.java:1131)
org.testng.internal.TestMethodWorker.invokeTestMethods(TestMethodWorker.java:124)
org.testng.internal.TestMethodWorker.run(TestMethodWorker.java:108)
org.testng.TestRunner.privateRun(TestRunner.java:773)
org.testng.TestRunner.run(TestRunner.java:623)
org.testng.SuiteRunner.runTest(SuiteRunner.java:357)
org.testng.SuiteRunner.runSequentially(SuiteRunner.java:352)
org.testng.SuiteRunner.privateRun(SuiteRunner.java:310)
org.testng.SuiteRunner.run(SuiteRunner.java:259)
org.testng.SuiteRunnerWorker.runSuite(SuiteRunnerWorker.java:52)
org.testng.SuiteRunnerWorker.run(SuiteRunnerWorker.java:86)
org.testng.TestNG.runSuitesSequentially(TestNG.java:1185)
org.testng.TestNG.runSuitesLocally(TestNG.java:1110)
org.testng.TestNG.run(TestNG.java:1018)
org.testng.remote.RemoteTestNG.run(RemoteTestNG.java:111)
org.testng.remote.RemoteTestNG.initAndRun(RemoteTestNG.java:204)
org.testng.remote.RemoteTestNG.main(RemoteTestNG.java:175)]]>
            </message>
            <full-stacktrace>
              <![CDATA[java.lang.AssertionError: Unable to clear and enter TestOSO75 in field 
com.selenium.SafeActions.safeClearAndType(SafeActions.java:194)
com.pageFunctions.UAT_CreateAccountFunc.CreateAccount(UAT_CreateAccountFunc.java:37)
com.TestSuite.BfGfVtChildren_GfHavingMEC.testcase1(BfGfVtChildren_GfHavingMEC.java:183)
sun.reflect.NativeMethodAccessorImpl.invoke0(Native Method)
sun.reflect.NativeMethodAccessorImpl.invoke(Unknown Source)
sun.reflect.DelegatingMethodAccessorImpl.invoke(Unknown Source)
java.lang.reflect.Method.invoke(Unknown Source)
org.testng.internal.MethodInvocationHelper.invokeMethod(MethodInvocationHelper.java:85)
org.testng.internal.Invoker.invokeMethod(Invoker.java:639)
org.testng.internal.Invoker.invokeTestMethod(Invoker.java:821)
org.testng.internal.Invoker.invokeTestMethods(Invoker.java:1131)
org.testng.internal.TestMethodWorker.invokeTestMethods(TestMethodWorker.java:124)
org.testng.internal.TestMethodWorker.run(TestMethodWorker.java:108)
org.testng.TestRunner.privateRun(TestRunner.java:773)
org.testng.TestRunner.run(TestRunner.java:623)
org.testng.SuiteRunner.runTest(SuiteRunner.java:357)
org.testng.SuiteRunner.runSequentially(SuiteRunner.java:352)
org.testng.SuiteRunner.privateRun(SuiteRunner.java:310)
org.testng.SuiteRunner.run(SuiteRunner.java:259)
org.testng.SuiteRunnerWorker.runSuite(SuiteRunnerWorker.java:52)
org.testng.SuiteRunnerWorker.run(SuiteRunnerWorker.java:86)
org.testng.TestNG.runSuitesSequentially(TestNG.java:1185)
org.testng.TestNG.runSuitesLocally(TestNG.java:1110)
org.testng.TestNG.run(TestNG.java:1018)
org.testng.remote.RemoteTestNG.run(RemoteTestNG.java:111)
org.testng.remote.RemoteTestNG.initAndRun(RemoteTestNG.java:204)
org.testng.remote.RemoteTestNG.main(RemoteTestNG.java:175)
	at com.testng.Assert.fail(Assert.java:199)
	at com.selenium.SafeActions.safeClearAndType(SafeActions.java:194)
	at com.pageFunctions.UAT_CreateAccountFunc.CreateAccount(UAT_CreateAccountFunc.java:37)
	at com.TestSuite.BfGfVtChildren_GfHavingMEC.testcase1(BfGfVtChildren_GfHavingMEC.java:183)
	at sun.reflect.NativeMethodAccessorImpl.invoke0(Native Method)
	at sun.reflect.NativeMethodAccessorImpl.invoke(Unknown Source)
	at sun.reflect.DelegatingMethodAccessorImpl.invoke(Unknown Source)
	at java.lang.reflect.Method.invoke(Unknown Source)
	at org.testng.internal.MethodInvocationHelper.invokeMethod(MethodInvocationHelper.java:85)
	at org.testng.internal.Invoker.invokeMethod(Invoker.java:639)
	at org.testng.internal.Invoker.invokeTestMethod(Invoker.java:821)
	at org.testng.internal.Invoker.invokeTestMethods(Invoker.java:1131)
	at org.testng.internal.TestMethodWorker.invokeTestMethods(TestMethodWorker.java:124)
	at org.testng.internal.TestMethodWorker.run(TestMethodWorker.java:108)
	at org.testng.TestRunner.privateRun(TestRunner.java:773)
	at org.testng.TestRunner.run(TestRunner.java:623)
	at org.testng.SuiteRunner.runTest(SuiteRunner.java:357)
	at org.testng.SuiteRunner.runSequentially(SuiteRunner.java:352)
	at org.testng.SuiteRunner.privateRun(SuiteRunner.java:310)
	at org.testng.SuiteRunner.run(SuiteRunner.java:259)
	at org.testng.SuiteRunnerWorker.runSuite(SuiteRunnerWorker.java:52)
	at org.testng.SuiteRunnerWorker.run(SuiteRunnerWorker.java:86)
	at org.testng.TestNG.runSuitesSequentially(TestNG.java:1185)
	at org.testng.TestNG.runSuitesLocally(TestNG.java:1110)
	at org.testng.TestNG.run(TestNG.java:1018)
	at org.testng.remote.RemoteTestNG.run(RemoteTestNG.java:111)
	at org.testng.remote.RemoteTestNG.initAndRun(RemoteTestNG.java:204)
	at org.testng.remote.RemoteTestNG.main(RemoteTestNG.java:175)
]]>
            </full-stacktrace>
          </exception> <!-- java.lang.AssertionError -->
          <reporter-output>
          </reporter-output>
        </test-method> <!-- testcase1 -->
        <test-method status="PASS" signature="afterMethod()[pri:0, instance:com.TestSuite.BfGfVtChildren_GfHavingMEC@39ba5a14]" name="afterMethod" is-config="true" duration-ms="0" started-at="2016-03-18T11:17:48Z" finished-at="2016-03-18T11:17:48Z">
          <reporter-output>
          </reporter-output>
        </test-method> <!-- afterMethod -->
      </class> <!-- com.TestSuite.BfGfVtChildren_GfHavingMEC -->
    </test> <!-- Default test -->
  </suite> <!-- Default suite -->
</testng-results>
