<?xml version="1.0" encoding="UTF-8"?>
<!-- Generated by org.testng.reporters.JUnitReportReporter -->
<testsuite hostname="Naresh" name="com.TestSuite.BfGfVtChildren" tests="1" failures="1" timestamp="17 Mar 2016 14:27:43 GMT" time="17.376" errors="0">
  <testcase name="testcase1" time="17.376" classname="com.TestSuite.BfGfVtChildren">
    <failure type="java.lang.AssertionError" message="Unable to click the By.xpath: //input[@id=&#039;individual-family&#039;]/../a/img[contains(@src,&#039;radio-off.png&#039;)]element.">
      <![CDATA[java.lang.AssertionError: Unable to click the By.xpath: //input[@id='individual-family']/../a/img[contains(@src,'radio-off.png')]element.
	at com.testng.Assert.fail(Assert.java:199)
	at com.selenium.SafeActions.safeClick(SafeActions.java:62)
	at com.pageFunctions.UAT_CreateAccountFunc.CreateAccount(UAT_CreateAccountFunc.java:28)
	at com.TestSuite.BfGfVtChildren.testcase1(BfGfVtChildren.java:183)
	at sun.reflect.NativeMethodAccessorImpl.invoke0(Native Method)
	at sun.reflect.NativeMethodAccessorImpl.invoke(Unknown Source)
	at sun.reflect.DelegatingMethodAccessorImpl.invoke(Unknown Source)
	at java.lang.reflect.Method.invoke(Unknown Source)
	at org.testng.internal.MethodInvocationHelper.invokeMethod(MethodInvocationHelper.java:85)
	at org.testng.internal.Invoker.invokeMethod(Invoker.java:639)
	at org.testng.internal.Invoker.invokeTestMethod(Invoker.java:821)
	at org.testng.internal.Invoker.invokeTestMethods(Invoker.java:1131)
	at org.testng.internal.TestMethodWorker.invokeTestMethods(TestMethodWorker.java:124)
	at org.testng.internal.TestMethodWorker.run(TestMethodWorker.java:108)
	at org.testng.TestRunner.privateRun(TestRunner.java:773)
	at org.testng.TestRunner.run(TestRunner.java:623)
	at org.testng.SuiteRunner.runTest(SuiteRunner.java:357)
	at org.testng.SuiteRunner.runSequentially(SuiteRunner.java:352)
	at org.testng.SuiteRunner.privateRun(SuiteRunner.java:310)
	at org.testng.SuiteRunner.run(SuiteRunner.java:259)
	at org.testng.SuiteRunnerWorker.runSuite(SuiteRunnerWorker.java:52)
	at org.testng.SuiteRunnerWorker.run(SuiteRunnerWorker.java:86)
	at org.testng.TestNG.runSuitesSequentially(TestNG.java:1185)
	at org.testng.TestNG.runSuitesLocally(TestNG.java:1110)
	at org.testng.TestNG.run(TestNG.java:1018)
	at org.testng.remote.RemoteTestNG.run(RemoteTestNG.java:111)
	at org.testng.remote.RemoteTestNG.initAndRun(RemoteTestNG.java:204)
	at org.testng.remote.RemoteTestNG.main(RemoteTestNG.java:175)
]]>
    </failure>
  </testcase> <!-- testcase1 -->
</testsuite> <!-- com.TestSuite.BfGfVtChildren -->
